<?xml version="1.0" encoding="UTF-8"?>
<!-- Generated by org.testng.reporters.JUnitXMLReporter -->
<testsuite ignored="0" hostname="Faruq" failures="0" tests="2" name="RegistrationTest" time="5.765" errors="0" timestamp="2023-02-16T18:57:24 EST">
  <testcase classname="com.facebookRegistrationTests.RegistrationTest" name="registrationTest" time="2.155"/>
  <testcase classname="com.facebookRegistrationTests.RegistrationTest" name="registrationTest_Stewrt" time="0.0">
    <skipped/>
  </testcase> <!-- registrationTest_Stewrt -->
</testsuite> <!-- RegistrationTest -->
