<?xml version="1.0" encoding="UTF-8"?>
<!-- Generated by org.testng.reporters.JUnitXMLReporter -->
<testsuite ignored="0" hostname="Faruq" failures="0" tests="2" name="RegistrationTest" time="5.58" errors="0" timestamp="2023-02-12T23:53:29 EST">
  <testcase classname="com.facebookRegistrationTests.RegistrationTest" name="registrationTest" time="1.38"/>
  <testcase classname="com.facebookRegistrationTests.RegistrationTest" name="registrationTest_Stewrt" time="1.22"/>
</testsuite> <!-- RegistrationTest -->
