<?xml version="1.0" encoding="UTF-8"?>
<!-- Generated by org.testng.reporters.JUnitXMLReporter -->
<testsuite ignored="0" hostname="Faruq" failures="0" tests="9" name="Regression Test" time="50.105" errors="0" timestamp="2023-02-12T23:30:24 EST">
  <testcase classname="com.searchTests.TestSearchPOM" name="testSearch" time="4.442"/>
  <testcase classname="com.searchTests.TestSearchPOM" name="testSearchSelenium" time="4.801"/>
  <testcase classname="com.searchTests.TestSearch" name="testSearch" time="3.542"/>
  <testcase classname="com.facebookLoginTests.LoginTest" name="invalidLoginTest" time="3.986"/>
  <testcase classname="com.facebookLoginTests.LoginTest" name="testLogin" time="4.377"/>
  <testcase classname="com.searchTests.TestSearchPOM2" name="testSearch" time="3.984"/>
  <testcase classname="com.searchTests.TestSearchPOM2" name="testSearchSelenium" time="4.2"/>
  <testcase classname="com.facebookRegistrationTests.RegistrationTest" name="registrationTest" time="1.727"/>
  <testcase classname="com.facebookRegistrationTests.RegistrationTest" name="registrationTest_Stewrt" time="1.607"/>
</testsuite> <!-- Regression Test -->
