<?xml version="1.0" encoding="UTF-8"?>
<!-- Generated by org.testng.reporters.JUnitXMLReporter -->
<testsuite ignored="0" hostname="Faruq" failures="0" tests="9" name="Regression Test" time="71.547" errors="0" timestamp="2023-02-16T18:55:42 EST">
  <testcase classname="com.searchTests.TestSearchPOM" name="testSearch" time="4.82"/>
  <testcase classname="com.searchTests.TestSearchPOM" name="testSearchSelenium" time="5.494"/>
  <testcase classname="com.searchTests.TestSearch" name="testSearch" time="4.258"/>
  <testcase classname="com.facebookLoginTests.LoginTest" name="invalidLoginTest" time="5.736"/>
  <testcase classname="com.facebookLoginTests.LoginTest" name="testLogin" time="4.66"/>
  <testcase classname="com.searchTests.TestSearchPOM2" name="testSearch" time="4.719"/>
  <testcase classname="com.searchTests.TestSearchPOM2" name="testSearchSelenium" time="5.249"/>
  <testcase classname="com.facebookRegistrationTests.RegistrationTest" name="registrationTest" time="2.699"/>
  <testcase classname="com.facebookRegistrationTests.RegistrationTest" name="registrationTest_Stewrt" time="2.472"/>
</testsuite> <!-- Regression Test -->
