<?xml version="1.0" encoding="UTF-8"?>
<testng-results ignored="0" total="4" passed="4" failed="0" skipped="0">
  <reporter-output>
  </reporter-output>
  <suite started-at="2023-02-12T23:53:09 EST" name="SmokeSuite" finished-at="2023-02-12T23:53:29 EST" duration-ms="19562">
    <groups>
    </groups>
    <test started-at="2023-02-12T23:53:09 EST" name="LoginTest" finished-at="2023-02-12T23:53:23 EST" duration-ms="13946">
      <class name="com.facebookLoginTests.LoginTest">
        <test-method is-config="true" signature="setUp(java.lang.String)[pri:0, instance:com.facebookLoginTests.LoginTest@5c33f1a9]" started-at="2023-02-12T23:53:09 EST" name="setUp" finished-at="2023-02-12T23:53:12 EST" duration-ms="2509" status="PASS">
          <params>
            <param index="0">
              <value>
                <![CDATA[chrome]]>
              </value>
            </param>
          </params>
          <reporter-output>
          </reporter-output>
        </test-method> <!-- setUp -->
        <test-method signature="invalidLoginTest()[pri:0, instance:com.facebookLoginTests.LoginTest@5c33f1a9]" started-at="2023-02-12T23:53:12 EST" name="invalidLoginTest" finished-at="2023-02-12T23:53:18 EST" duration-ms="5978" status="PASS">
          <reporter-output>
          </reporter-output>
        </test-method> <!-- invalidLoginTest -->
        <test-method is-config="true" signature="tearDown()[pri:0, instance:com.facebookLoginTests.LoginTest@5c33f1a9]" started-at="2023-02-12T23:53:18 EST" name="tearDown" finished-at="2023-02-12T23:53:18 EST" duration-ms="123" status="PASS">
          <reporter-output>
          </reporter-output>
        </test-method> <!-- tearDown -->
        <test-method is-config="true" signature="setUp(java.lang.String)[pri:0, instance:com.facebookLoginTests.LoginTest@5c33f1a9]" started-at="2023-02-12T23:53:18 EST" name="setUp" finished-at="2023-02-12T23:53:19 EST" duration-ms="1349" status="PASS">
          <params>
            <param index="0">
              <value>
                <![CDATA[chrome]]>
              </value>
            </param>
          </params>
          <reporter-output>
          </reporter-output>
        </test-method> <!-- setUp -->
        <test-method signature="testLogin()[pri:0, instance:com.facebookLoginTests.LoginTest@5c33f1a9]" started-at="2023-02-12T23:53:19 EST" name="testLogin" finished-at="2023-02-12T23:53:23 EST" duration-ms="3828" status="PASS">
          <reporter-output>
          </reporter-output>
        </test-method> <!-- testLogin -->
        <test-method is-config="true" signature="tearDown()[pri:0, instance:com.facebookLoginTests.LoginTest@5c33f1a9]" started-at="2023-02-12T23:53:23 EST" name="tearDown" finished-at="2023-02-12T23:53:23 EST" duration-ms="119" status="PASS">
          <reporter-output>
          </reporter-output>
        </test-method> <!-- tearDown -->
      </class> <!-- com.facebookLoginTests.LoginTest -->
    </test> <!-- LoginTest -->
    <test started-at="2023-02-12T23:53:23 EST" name="RegistrationTest" finished-at="2023-02-12T23:53:29 EST" duration-ms="5580">
      <class name="com.facebookRegistrationTests.RegistrationTest">
        <test-method is-config="true" signature="setUp(java.lang.String)[pri:0, instance:com.facebookRegistrationTests.RegistrationTest@22555ebf]" started-at="2023-02-12T23:53:23 EST" name="setUp" finished-at="2023-02-12T23:53:24 EST" duration-ms="1397" status="PASS">
          <params>
            <param index="0">
              <value>
                <![CDATA[chrome]]>
              </value>
            </param>
          </params>
          <reporter-output>
          </reporter-output>
        </test-method> <!-- setUp -->
        <test-method signature="registrationTest()[pri:0, instance:com.facebookRegistrationTests.RegistrationTest@22555ebf]" started-at="2023-02-12T23:53:24 EST" name="registrationTest" finished-at="2023-02-12T23:53:26 EST" duration-ms="1380" status="PASS">
          <reporter-output>
          </reporter-output>
        </test-method> <!-- registrationTest -->
        <test-method is-config="true" signature="tearDown()[pri:0, instance:com.facebookRegistrationTests.RegistrationTest@22555ebf]" started-at="2023-02-12T23:53:26 EST" name="tearDown" finished-at="2023-02-12T23:53:26 EST" duration-ms="114" status="PASS">
          <reporter-output>
          </reporter-output>
        </test-method> <!-- tearDown -->
        <test-method is-config="true" signature="setUp(java.lang.String)[pri:0, instance:com.facebookRegistrationTests.RegistrationTest@22555ebf]" started-at="2023-02-12T23:53:26 EST" name="setUp" finished-at="2023-02-12T23:53:27 EST" duration-ms="1337" status="PASS">
          <params>
            <param index="0">
              <value>
                <![CDATA[chrome]]>
              </value>
            </param>
          </params>
          <reporter-output>
          </reporter-output>
        </test-method> <!-- setUp -->
        <test-method signature="registrationTest_Stewrt()[pri:0, instance:com.facebookRegistrationTests.RegistrationTest@22555ebf]" started-at="2023-02-12T23:53:27 EST" name="registrationTest_Stewrt" finished-at="2023-02-12T23:53:28 EST" duration-ms="1220" status="PASS">
          <reporter-output>
          </reporter-output>
        </test-method> <!-- registrationTest_Stewrt -->
        <test-method is-config="true" signature="tearDown()[pri:0, instance:com.facebookRegistrationTests.RegistrationTest@22555ebf]" started-at="2023-02-12T23:53:28 EST" name="tearDown" finished-at="2023-02-12T23:53:29 EST" duration-ms="124" status="PASS">
          <reporter-output>
          </reporter-output>
        </test-method> <!-- tearDown -->
      </class> <!-- com.facebookRegistrationTests.RegistrationTest -->
    </test> <!-- RegistrationTest -->
  </suite> <!-- SmokeSuite -->
</testng-results>
